<?xml version="1.0" encoding="UTF-8"?>
<testsuite xmlns:xsi="http://www.w3.org/2001/XMLSchema-instance" xsi:noNamespaceSchemaLocation="https://maven.apache.org/surefire/maven-surefire-plugin/xsd/surefire-test-report.xsd" version="3.0.2" name="br.com.erudio.services.BookServicesTest" time="1.644" tests="7" errors="1" skipped="0" failures="0">
  <properties>
[...]
</properties>
  <testcase name="testUpdateWithNullBook" classname="br.com.erudio.services.BookServicesTest" time="1.037">
    <system-err><![CDATA[Mockito is currently self-attaching to enable the inline-mock-maker. This will no longer work in future releases of the JDK. Please add Mockito as an agent to your build what is described in Mockito's documentation: https://javadoc.io/doc/org.mockito/mockito-core/latest/org/mockito/Mockito.html#0.3
WARNING: A Java agent has been loaded dynamically (C:\Users\Papini\.m2\repository\net\bytebuddy\byte-buddy-agent\1.15.10\byte-buddy-agent-1.15.10.jar)
WARNING: If a serviceability tool is in use, please run with -XX:+EnableDynamicAgentLoading to hide this warning
WARNING: If a serviceability tool is not in use, please run with -Djdk.instrument.traceUsage for more information
WARNING: Dynamic loading of agents will be disallowed by default in a future release
]]></system-err>
  </testcase>
  <testcase name="create" classname="br.com.erudio.services.BookServicesTest" time="0.136">
    <error message="&#10;Strict stubbing argument mismatch. Please check:&#10; - this invocation of &apos;save&apos; method:&#10;    repository.save(&#10;    br.com.erudio.model.Book@ac577fe6&#10;);&#10;    -&gt; at br.com.erudio.services.BookServices.create(BookServices.java:56)&#10; - has following stubbing(s) with different arguments:&#10;    1. repository.save(&#10;    br.com.erudio.model.Book@ac5783a7&#10;);&#10;      -&gt; at br.com.erudio.services.BookServicesTest.create(BookServicesTest.java:102)&#10;Typically, stubbing argument mismatch indicates user mistake when writing tests.&#10;Mockito fails early so that you can debug potential problem easily.&#10;However, there are legit scenarios when this exception generates false negative signal:&#10;  - stubbing the same method multiple times using &apos;given().will()&apos; or &apos;when().then()&apos; API&#10;    Please use &apos;will().given()&apos; or &apos;doReturn().when()&apos; API for stubbing.&#10;  - stubbed method is intentionally invoked with different arguments by code under test&#10;    Please use default or &apos;silent&apos; JUnit Rule (equivalent of Strictness.LENIENT).&#10;For more information see javadoc for PotentialStubbingProblem class." type="org.mockito.exceptions.misusing.PotentialStubbingProblem"><![CDATA[org.mockito.exceptions.misusing.PotentialStubbingProblem: 

Strict stubbing argument mismatch. Please check:
 - this invocation of 'save' method:
    repository.save(
    br.com.erudio.model.Book@ac577fe6
);
    -> at br.com.erudio.services.BookServices.create(BookServices.java:56)
 - has following stubbing(s) with different arguments:
    1. repository.save(
    br.com.erudio.model.Book@ac5783a7
);
      -> at br.com.erudio.services.BookServicesTest.create(BookServicesTest.java:102)
Typically, stubbing argument mismatch indicates user mistake when writing tests.
Mockito fails early so that you can debug potential problem easily.
However, there are legit scenarios when this exception generates false negative signal:
  - stubbing the same method multiple times using 'given().will()' or 'when().then()' API
    Please use 'will().given()' or 'doReturn().when()' API for stubbing.
  - stubbed method is intentionally invoked with different arguments by code under test
    Please use default or 'silent' JUnit Rule (equivalent of Strictness.LENIENT).
For more information see javadoc for PotentialStubbingProblem class.
	at br.com.erudio.services.BookServices.create(BookServices.java:56)
	at br.com.erudio.services.BookServicesTest.create(BookServicesTest.java:104)
	at java.base/java.lang.reflect.Method.invoke(Method.java:580)
	at java.base/java.util.ArrayList.forEach(ArrayList.java:1596)
	at java.base/java.util.ArrayList.forEach(ArrayList.java:1596)
]]></error>
    <system-out><![CDATA[15:53:23.226 [main] INFO br.com.erudio.services.BookServices -- Creating one Book!
15:53:23.231 [main] INFO com.github.dozermapper.core.util.RuntimeUtils -- OSGi support is false
15:53:23.236 [main] INFO com.github.dozermapper.core.DozerBeanMapperBuilder -- Initializing Dozer. Version: 7.0.0, Thread Name: main
15:53:23.241 [main] INFO com.github.dozermapper.core.config.resolvers.LegacyPropertiesSettingsResolver -- Trying to find Dozer configuration file: dozer.properties
15:53:23.241 [main] INFO com.github.dozermapper.core.config.resolvers.LegacyPropertiesSettingsResolver -- Failed to find dozer.properties via com.github.dozermapper.core.config.resolvers.LegacyPropertiesSettingsResolver.
15:53:23.244 [main] INFO com.github.dozermapper.core.el.ELExpressionFactory -- jakarta.el is not supported; Failed to resolve ExpressionFactory, com.sun.el.ExpressionFactoryImpl
]]></system-out>
  </testcase>
  <testcase name="delete" classname="br.com.erudio.services.BookServicesTest" time="0.013">
    <system-out><![CDATA[15:53:23.350 [main] INFO br.com.erudio.services.BookServices -- Deleting one Book!
]]></system-out>
  </testcase>
  <testcase name="findAll" classname="br.com.erudio.services.BookServicesTest" time="0.413">
    <system-out><![CDATA[15:53:23.364 [main] INFO br.com.erudio.services.BookServices -- Finding all Book!
]]></system-out>
  </testcase>
  <testcase name="update" classname="br.com.erudio.services.BookServicesTest" time="0.008">
    <system-out><![CDATA[15:53:23.780 [main] INFO br.com.erudio.services.BookServices -- Updating one Book!
]]></system-out>
  </testcase>
  <testcase name="findById" classname="br.com.erudio.services.BookServicesTest" time="0.006">
    <system-out><![CDATA[15:53:23.786 [main] INFO br.com.erudio.services.BookServices -- Finding one Book!
]]></system-out>
  </testcase>
  <testcase name="testCreateWithNullBook" classname="br.com.erudio.services.BookServicesTest" time="0.002"/>
</testsuite>